[debug] [2026-03-06T16:22:01.341Z] ----------------------------------------------------------------------
[debug] [2026-03-06T16:22:01.350Z] Command:       C:\Program Files\nodejs\node.exe C:\Users\Lakshan\AppData\Roaming\npm\node_modules\firebase-tools\lib\bin\firebase.js deploy --only hosting
[debug] [2026-03-06T16:22:01.350Z] CLI Version:   15.9.0
[debug] [2026-03-06T16:22:01.351Z] Platform:      win32
[debug] [2026-03-06T16:22:01.351Z] Node Version:  v22.14.0
[debug] [2026-03-06T16:22:01.353Z] Time:          Fri Mar 06 2026 21:52:01 GMT+0530 (India Standard Time)
[debug] [2026-03-06T16:22:01.354Z] ----------------------------------------------------------------------
[debug] 
[debug] [2026-03-06T16:22:01.359Z] >>> [apiv2][query] GET https://firebase-public.firebaseio.com/cli.json [none]
[debug] [2026-03-06T16:22:10.214Z] > command requires scopes: ["email","openid","https://www.googleapis.com/auth/cloudplatformprojects.readonly","https://www.googleapis.com/auth/firebase","https://www.googleapis.com/auth/cloud-platform"]
[debug] [2026-03-06T16:22:10.214Z] > authorizing via signed-in user (contact.swapgate@gmail.com)
[debug] [2026-03-06T16:22:10.214Z] [iam] checking project temphostingbritol for permissions ["firebase.projects.get","firebasehosting.sites.update"]
[debug] [2026-03-06T16:22:10.216Z] Checked if tokens are valid: false, expires at: 1771340182733
[debug] [2026-03-06T16:22:10.216Z] Checked if tokens are valid: false, expires at: 1771340182733
[debug] [2026-03-06T16:22:10.216Z] > refreshing access token with scopes: []
[debug] [2026-03-06T16:22:10.218Z] >>> [apiv2][query] POST https://www.googleapis.com/oauth2/v3/token [none]
[debug] [2026-03-06T16:22:10.218Z] >>> [apiv2][body] POST https://www.googleapis.com/oauth2/v3/token [omitted]
[debug] [2026-03-06T16:22:10.699Z] <<< [apiv2][status] POST https://www.googleapis.com/oauth2/v3/token 200
[debug] [2026-03-06T16:22:10.700Z] <<< [apiv2][body] POST https://www.googleapis.com/oauth2/v3/token [omitted]
[debug] [2026-03-06T16:22:10.738Z] >>> [apiv2][query] POST https://cloudresourcemanager.googleapis.com/v1/projects/temphostingbritol:testIamPermissions [none]
[debug] [2026-03-06T16:22:10.738Z] >>> [apiv2][(partial)header] POST https://cloudresourcemanager.googleapis.com/v1/projects/temphostingbritol:testIamPermissions  x-goog-user-project=temphostingbritol
[debug] [2026-03-06T16:22:10.738Z] >>> [apiv2][body] POST https://cloudresourcemanager.googleapis.com/v1/projects/temphostingbritol:testIamPermissions {"permissions":["firebase.projects.get","firebasehosting.sites.update"]}
[debug] [2026-03-06T16:22:11.053Z] <<< [apiv2][status] GET https://firebase-public.firebaseio.com/cli.json 200
[debug] [2026-03-06T16:22:11.053Z] <<< [apiv2][body] GET https://firebase-public.firebaseio.com/cli.json {"cloudBuildErrorAfter":1594252800000,"cloudBuildWarnAfter":1590019200000,"defaultNode10After":1594252800000,"minVersion":"3.0.5","node8DeploysDisabledAfter":1613390400000,"node8RuntimeDisabledAfter":1615809600000,"node8WarnAfter":1600128000000}
[debug] [2026-03-06T16:22:12.547Z] <<< [apiv2][status] POST https://cloudresourcemanager.googleapis.com/v1/projects/temphostingbritol:testIamPermissions 403
[debug] [2026-03-06T16:22:12.547Z] <<< [apiv2][body] POST https://cloudresourcemanager.googleapis.com/v1/projects/temphostingbritol:testIamPermissions {"error":{"code":403,"message":"Caller does not have required permission to use project temphostingbritol. Grant the caller the roles/serviceusage.serviceUsageConsumer role, or a custom role with the serviceusage.services.use permission, by visiting https://console.developers.google.com/iam-admin/iam?project=temphostingbritol and then retry. Propagation of the new permission may take a few minutes.","status":"PERMISSION_DENIED","details":[{"@type":"type.googleapis.com/google.rpc.ErrorInfo","reason":"USER_PROJECT_DENIED","domain":"googleapis.com","metadata":{"consumer":"projects/temphostingbritol","consoleUrl":"https://console.developers.google.com/iam-admin/iam?project=temphostingbritol","containerInfo":"temphostingbritol","service":"cloudresourcemanager.googleapis.com"}},{"@type":"type.googleapis.com/google.rpc.LocalizedMessage","locale":"en-US","message":"Caller does not have required permission to use project temphostingbritol. Grant the caller the roles/serviceusage.serviceUsageConsumer role, or a custom role with the serviceusage.services.use permission, by visiting https://console.developers.google.com/iam-admin/iam?project=temphostingbritol and then retry. Propagation of the new permission may take a few minutes."},{"@type":"type.googleapis.com/google.rpc.Help","links":[{"description":"Google developer console IAM admin","url":"https://console.developers.google.com/iam-admin/iam?project=temphostingbritol"}]}]}}
[debug] [2026-03-06T16:22:12.548Z] [iam] error while checking permissions, command may fail: Request to https://cloudresourcemanager.googleapis.com/v1/projects/temphostingbritol:testIamPermissions had HTTP Error: 403, Caller does not have required permission to use project temphostingbritol. Grant the caller the roles/serviceusage.serviceUsageConsumer role, or a custom role with the serviceusage.services.use permission, by visiting https://console.developers.google.com/iam-admin/iam?project=temphostingbritol and then retry. Propagation of the new permission may take a few minutes.
[debug] [2026-03-06T16:22:12.549Z] Checked if tokens are valid: true, expires at: 1772817729700
[debug] [2026-03-06T16:22:12.549Z] Checked if tokens are valid: true, expires at: 1772817729700
[debug] [2026-03-06T16:22:12.549Z] >>> [apiv2][query] GET https://firebase.googleapis.com/v1beta1/projects/temphostingbritol [none]
[debug] [2026-03-06T16:22:13.474Z] <<< [apiv2][status] GET https://firebase.googleapis.com/v1beta1/projects/temphostingbritol 403
[debug] [2026-03-06T16:22:13.474Z] <<< [apiv2][body] GET https://firebase.googleapis.com/v1beta1/projects/temphostingbritol {"error":{"code":403,"message":"The caller does not have permission","status":"PERMISSION_DENIED"}}
[debug] [2026-03-06T16:22:13.475Z] Request to https://firebase.googleapis.com/v1beta1/projects/temphostingbritol had HTTP Error: 403, The caller does not have permission
[debug] [2026-03-06T16:22:13.880Z] FirebaseError: Request to https://firebase.googleapis.com/v1beta1/projects/temphostingbritol had HTTP Error: 403, The caller does not have permission
    at responseToError (C:\Users\Lakshan\AppData\Roaming\npm\node_modules\firebase-tools\lib\responseToError.js:53:12)
    at RetryOperation._fn (C:\Users\Lakshan\AppData\Roaming\npm\node_modules\firebase-tools\lib\apiv2.js:333:77)
    at process.processTicksAndRejections (node:internal/process/task_queues:105:5)
[error] 
[error] Error: Failed to get Firebase project temphostingbritol. Please make sure the project exists and your account has permission to access it.
